03:27:06.628 server04 INFO === log start (server04) ===
03:27:20.161 server04 INFO config sync completed
03:27:36.072 server04 INFO power supply 1 nominal
03:27:49.889 server04 INFO Link status: UP
03:28:03.570 server04 INFO power supply 1 nominal
03:28:16.088 server04 INFO packet forwarded to 10.0.2.247
03:28:36.950 server04 INFO Link status: UP
03:28:51.517 server04 INFO buffer utilization 37%
03:28:54.381 server04 INFO power supply 2 nominal
03:29:21.097 server04 INFO power supply 2 nominal
03:29:25.687 server04 INFO SNMP poll ok
03:30:01.963 server04 INFO linkdown_timer reset
03:30:26.238 server04 INFO BGP session established with peer 10.0.0.80
03:30:31.528 server04 INFO heartbeat ok
03:31:03.653 server04 INFO config sync completed
03:31:43.904 server04 INFO packet forwarded to 10.0.0.15
03:31:48.370 server04 INFO SNMP poll ok
03:32:13.800 server04 ERROR Link down on TenGigE0/0
03:32:48.638 server04 INFO interface eth0 up
03:33:23.605 server04 INFO packet forwarded to 10.0.0.126
03:33:53.308 server04 INFO linkdown_timer reset
03:34:01.329 server04 INFO interface eth0 up
03:34:11.228 server04 INFO temperature nominal 41C
03:34:44.903 server04 INFO interface eth1 up
03:34:49.642 server04 INFO SNMP poll ok
03:35:16.500 server04 INFO power supply 1 nominal
03:35:35.521 server04 INFO linkdown_timer reset
03:35:57.286 server04 INFO SLA probe ok latency 24ms
03:36:33.501 server04 INFO interface eth3 up
03:36:52.819 server04 INFO packet forwarded to 10.0.1.182
03:37:15.457 server04 INFO temperature nominal 41C
03:37:55.843 server04 INFO CRCcheck OK
03:38:05.684 server04 ERROR link down on GigE0/1
03:38:19.073 server04 INFO BGP session established with peer 10.0.2.93
03:38:46.903 server04 INFO linkdown_timer reset
03:39:05.031 server04 INFO CRCcheck OK
03:39:30.706 server04 INFO interface eth1 up
03:39:56.116 server04 INFO linkdown_timer reset
03:40:11.619 server04 INFO temperature nominal 41C
03:40:42.751 server04 INFO interface eth0 up
03:41:03.684 server04 INFO Link status: UP
03:41:29.282 server04 INFO linkdown_timer reset
03:41:34.439 server04 INFO Link status: UP
03:42:00.869 server04 INFO buffer utilization 57%
03:42:31.057 server04 INFO buffer utilization 41%
03:42:32.904 server04 INFO CRCcheck OK
03:42:34.249 server04 INFO heartbeat ok
03:43:11.793 server04 ERROR CRC error on GigE0/2 count=7
03:43:14.857 server04 INFO BGP session established with peer 10.0.2.144
03:43:52.249 server04 INFO buffer utilization 58%
03:44:17.197 server04 INFO config sync completed
03:44:51.432 server04 INFO interface eth2 up
03:45:08.671 server04 INFO interface eth2 up
03:45:18.611 server04 INFO heartbeat ok
03:45:37.795 server04 INFO heartbeat ok
03:46:00.442 server04 INFO buffer utilization 33%
03:46:18.121 server04 INFO config sync completed
03:46:24.865 server04 INFO linkdown_timer reset
03:46:37.693 server04 INFO CRCcheck OK
03:46:49.822 server04 INFO temperature nominal 41C
03:47:07.491 server04 ERROR LINK Down on eth2
03:47:21.222 server04 INFO interface eth2 up
03:47:55.115 server04 INFO interface eth3 up
03:47:58.537 server04 INFO buffer utilization 72%
03:48:13.775 server04 INFO SNMP poll ok
03:48:24.611 server04 INFO config sync completed
03:48:40.119 server04 INFO Link status: UP
03:48:44.142 server04 INFO Link status: UP
03:49:07.601 server04 INFO interface eth3 up
03:49:17.355 server04 INFO Link status: UP
03:49:54.601 server04 INFO interface eth2 up
03:50:33.922 server04 INFO buffer utilization 51%
03:50:40.529 server04 INFO buffer utilization 14%
03:50:56.505 server04 INFO heartbeat ok
03:51:00.423 server04 INFO SLA probe ok latency 38ms
03:51:34.208 server04 INFO interface eth1 up
03:52:11.111 server04 INFO interface eth3 up
03:52:24.097 server04 INFO interface eth1 up
03:52:55.111 server04 ERROR Link down on TenGigE0/0
    -> reason: carrier lost, autoneg failed
    -> downtime 107s before recovery
03:53:10.405 server04 INFO CRC error recovered
03:53:50.279 server04 INFO CRCcheck OK
03:54:29.573 server04 INFO CRC error recovered
03:54:59.310 server04 INFO CRCcheck OK
03:55:13.762 server04 INFO SLA probe ok latency 3ms
03:55:48.648 server04 INFO temperature nominal 41C
03:56:21.393 server04 INFO power supply 2 nominal
03:56:58.955 server04 INFO CRCcheck OK
03:57:15.800 server04 INFO SNMP poll ok
03:57:45.421 server04 INFO CRCcheck OK
03:58:23.714 server04 INFO temperature nominal 41C
03:58:41.788 server04 INFO buffer utilization 24%
03:58:48.735 server04 INFO interface eth0 up
03:59:21.370 server04 INFO CRCcheck OK
03:59:53.643 server04 INFO linkdown_timer reset
04:00:25.462 server04 INFO linkdown_timer reset
04:00:35.714 server04 ERROR Link down on GigE0/1
    -> reason: carrier lost, autoneg failed
04:01:14.788 server04 INFO BGP session established with peer 10.0.0.205
04:01:39.624 server04 INFO heartbeat ok
04:01:40.062 server04 INFO SNMP poll ok
04:01:59.107 server04 INFO CRC error recovered
04:02:28.311 server04 INFO buffer utilization 27%
04:03:04.072 server04 INFO linkdown_timer reset
04:03:21.191 server04 INFO SNMP poll ok
04:03:24.033 server04 INFO Link status: UP
04:03:35.795 server04 INFO packet forwarded to 10.0.2.6
04:04:03.741 server04 INFO SNMP poll ok
04:04:20.044 server04 INFO config sync completed
04:04:56.425 server04 INFO heartbeat ok
04:05:20.335 server04 INFO heartbeat ok
04:05:48.916 server04 INFO Link status: UP
04:06:21.631 server04 INFO SLA probe ok latency 15ms
04:06:38.515 server04 INFO SLA probe ok latency 34ms
04:07:02.324 server04 ERROR CRC error detected on GigE0/1
    -> frame check sequence mismatch, 433 bad frames
    -> last good frame at seq 7666
04:07:28.490 server04 INFO CRC error recovered
04:07:56.111 server04 INFO CRC error recovered
04:08:30.799 server04 INFO Link status: UP
04:08:37.288 server04 INFO Link status: UP
04:09:00.729 server04 INFO SNMP poll ok
04:09:06.778 server04 INFO power supply 2 nominal
04:09:37.788 server04 INFO power supply 1 nominal
04:09:46.921 server04 INFO SNMP poll ok
04:09:59.928 server04 INFO interface eth3 up
04:10:02.394 server04 INFO linkdown_timer reset
04:10:25.001 server04 INFO buffer utilization 28%
04:10:43.807 server04 INFO buffer utilization 70%
04:10:56.022 server04 INFO BGP session established with peer 10.0.4.103
04:11:31.790 server04 ERROR Crc Error detected on eth1
    -> frame check sequence mismatch, 2 bad frames
    -> last good frame at seq 9478
04:12:05.475 server04 INFO buffer utilization 19%
04:12:30.713 server04 INFO interface eth2 up
04:12:40.185 server04 INFO SLA probe ok latency 3ms
04:13:09.121 server04 INFO CRCcheck OK
04:13:47.356 server04 INFO linkdown_timer reset
04:14:05.131 server04 INFO SNMP poll ok
04:14:23.962 server04 INFO BGP session established with peer 10.0.3.7
04:14:50.380 server04 INFO SNMP poll ok
04:14:59.061 server04 INFO SLA probe ok latency 23ms
04:15:08.520 server04 INFO power supply 1 nominal
04:15:39.365 server04 INFO heartbeat ok
04:15:45.389 server04 ERROR LINK DOWN on GigE0/2
04:16:22.518 server04 INFO CRCcheck OK
04:16:41.332 server04 INFO CRCcheck OK
04:16:44.739 server04 INFO BGP session established with peer 10.0.0.111
04:16:46.358 server04 INFO packet forwarded to 10.0.4.15
04:17:05.651 server04 INFO CRC error recovered
04:17:36.409 server04 INFO interface eth3 up
04:18:12.939 server04 INFO packet forwarded to 10.0.1.37
04:18:46.611 server04 INFO heartbeat ok
04:19:10.730 server04 ERROR CRC ERROR on TenGigE0/0 count=41
04:19:31.803 server04 INFO SLA probe ok latency 27ms
04:19:46.161 server04 INFO interface up, no CRC error found
04:20:21.666 server04 INFO SNMP poll ok
04:20:32.681 server04 INFO packet forwarded to 10.0.1.248
04:20:58.186 server04 INFO config sync completed
04:21:30.085 server04 INFO power supply 1 nominal
04:22:04.464 server04 INFO power supply 2 nominal
04:22:33.952 server04 INFO SLA probe ok latency 13ms
04:22:54.279 server04 INFO config sync completed
04:23:12.988 server04 INFO power supply 2 nominal
04:23:31.454 server04 INFO power supply 1 nominal
04:23:47.159 server04 INFO SLA probe ok latency 16ms
04:24:01.130 server04 ERROR CRC Error on eth3 count=37
04:24:37.384 server04 INFO SNMP poll ok
04:24:55.711 server04 INFO heartbeat ok
04:25:09.229 server04 INFO SNMP poll ok
04:25:19.268 server04 INFO SLA probe ok latency 6ms
04:25:38.887 server04 INFO power supply 2 nominal
04:26:09.575 server04 INFO Link status: UP
04:26:30.514 server04 INFO SLA probe ok latency 37ms
04:26:50.309 server04 INFO interface eth2 up
04:26:59.484 server04 INFO interface eth0 up
04:27:03.444 server04 INFO Link status: UP
04:27:28.292 server04 ERROR Link Down on eth0
04:27:46.034 server04 INFO heartbeat ok
04:27:49.596 server04 INFO power supply 1 nominal
04:28:14.015 server04 INFO Link status: UP
04:28:19.510 server04 INFO BGP session established with peer 10.0.1.84
04:28:54.684 server04 INFO SNMP poll ok
04:29:11.216 server04 INFO CRC error recovered
04:29:43.493 server04 INFO power supply 1 nominal
04:30:08.961 server04 INFO heartbeat ok
04:30:12.043 server04 ERROR CRC error on eth3 count=47
04:30:40.356 server04 INFO heartbeat ok
04:31:13.789 server04 INFO Link status: UP
04:31:51.273 server04 INFO Link status: UP
04:32:20.428 server04 INFO power supply 2 nominal
04:32:32.275 server04 INFO power supply 2 nominal
04:33:11.103 server04 INFO interface up, no CRC error found
04:33:48.940 server04 INFO heartbeat ok
04:34:21.300 server04 INFO config sync completed
04:34:44.129 server04 INFO CRCcheck OK
04:35:24.019 server04 INFO SNMP poll ok
04:35:31.525 server04 ERROR Link Down on GigE0/1
04:36:00.766 server04 INFO buffer utilization 66%
04:36:35.610 server04 INFO temperature nominal 41C
04:36:54.722 server04 INFO SLA probe ok latency 28ms
04:37:13.855 server04 INFO Link status: UP
04:37:32.356 server04 INFO SLA probe ok latency 1ms
04:37:36.607 server04 INFO BGP session established with peer 10.0.0.92
04:37:37.224 server04 INFO config sync completed
04:37:57.633 server04 INFO interface up, no CRC error found
04:38:37.072 server04 INFO linkdown_timer reset
04:39:06.957 server04 ERROR CRC Error detected on TenGigE0/0
    -> frame check sequence mismatch, 443 bad frames
04:39:33.584 server04 INFO packet forwarded to 10.0.0.245
04:39:56.746 server04 INFO Link status: UP
04:40:18.102 server04 INFO config sync completed
04:40:32.105 server04 INFO CRCcheck OK
04:40:38.258 server04 INFO CRC error recovered
04:41:05.451 server04 INFO heartbeat ok
04:41:18.107 server04 INFO SNMP poll ok
04:41:39.385 server04 INFO temperature nominal 41C
04:42:04.779 server04 INFO linkdown_timer reset
04:42:21.473 server04 INFO linkdown_timer reset
04:42:46.870 server04 ERROR CRC error detected on eth0
    -> frame check sequence mismatch, 753 bad frames
04:42:52.774 server04 INFO heartbeat ok
04:43:16.875 server04 INFO packet forwarded to 10.0.2.14
04:43:47.616 server04 INFO interface eth1 up
04:44:04.301 server04 INFO CRCcheck OK
04:44:28.804 server04 INFO linkdown_timer reset
04:44:29.178 server04 INFO Link status: UP
04:44:54.859 server04 INFO power supply 2 nominal
04:45:10.412 server04 INFO BGP session established with peer 10.0.4.222
04:45:33.177 server04 INFO CRCcheck OK
04:45:55.414 server04 INFO CRCcheck OK
04:46:31.357 server04 INFO heartbeat ok
04:46:39.433 server04 INFO CRC error recovered
04:46:47.225 server04 INFO SNMP poll ok
04:47:14.428 server04 INFO heartbeat ok
04:47:33.358 server04 INFO BGP session established with peer 10.0.3.90
04:47:51.813 server04 INFO SLA probe ok latency 9ms
04:48:28.751 server04 INFO linkdown_timer reset
04:48:46.188 server04 ERROR Link down on eth3
04:48:56.342 server04 INFO config sync completed
04:49:03.952 server04 INFO CRCcheck OK
04:49:25.364 server04 INFO temperature nominal 41C
04:49:46.585 server04 INFO packet forwarded to 10.0.3.1
04:49:54.031 server04 INFO SLA probe ok latency 37ms
04:50:12.873 server04 INFO temperature nominal 41C
04:50:49.379 server04 INFO heartbeat ok
04:51:16.024 server04 INFO BGP session established with peer 10.0.1.121
04:51:18.802 server04 INFO CRCcheck OK
04:51:27.082 server04 INFO CRCcheck OK
04:51:29.254 server04 INFO CRCcheck OK
04:51:52.031 server04 INFO CRCcheck OK
04:52:04.348 server04 ERROR Link Down on eth3
04:52:14.295 server04 INFO Link status: UP
04:52:41.797 server04 INFO linkdown_timer reset
04:52:55.286 server04 INFO heartbeat ok
04:53:21.865 server04 INFO interface eth0 up
04:53:59.737 server04 INFO Link status: UP
04:54:05.420 server04 INFO BGP session established with peer 10.0.0.244
04:54:24.738 server04 INFO interface eth1 up
04:54:34.570 server04 INFO CRC error recovered
04:55:12.129 server04 INFO SLA probe ok latency 39ms
04:55:33.189 server04 INFO SNMP poll ok
04:56:10.434 server04 INFO Link status: UP
04:56:12.334 server04 INFO power supply 1 nominal
04:56:23.706 server04 INFO linkdown_timer reset
04:56:56.154 server04 INFO buffer utilization 53%
04:57:06.621 server04 INFO CRCcheck OK
04:57:46.813 server04 INFO buffer utilization 34%
04:58:10.667 server04 ERROR Link Down on eth3
04:58:47.698 server04 INFO linkdown_timer reset
04:58:51.408 server04 INFO Link status: UP
04:59:06.761 server04 INFO Link status: UP
04:59:17.666 server04 INFO SLA probe ok latency 25ms
04:59:43.609 server04 INFO SNMP poll ok
05:00:04.320 server04 INFO Link status: UP
05:00:12.344 server04 INFO config sync completed
05:00:45.005 server04 INFO interface eth2 up
05:01:09.900 server04 INFO temperature nominal 41C
05:01:48.898 server04 INFO CRCcheck OK
05:02:04.820 server04 INFO packet forwarded to 10.0.4.129
05:02:23.721 server04 INFO heartbeat ok
05:02:28.504 server04 INFO Link status: UP
05:03:00.191 server04 ERROR crc error on GigE0/2 count=23
05:03:05.795 server04 INFO BGP session established with peer 10.0.2.163
05:03:19.063 server04 INFO buffer utilization 62%
05:03:32.843 server04 INFO interface eth0 up
05:03:37.720 server04 INFO interface eth3 up
05:04:13.583 server04 INFO Link status: UP
05:04:50.948 server04 INFO config sync completed
05:05:12.417 server04 INFO linkdown_timer reset
05:05:37.044 server04 INFO config sync completed
05:06:15.909 server04 INFO buffer utilization 26%
05:06:43.689 server04 INFO power supply 2 nominal
05:07:23.361 server04 INFO CRC error recovered
05:07:43.606 server04 INFO power supply 1 nominal
05:08:13.143 server04 ERROR LINK DOWN on eth0
05:08:21.451 server04 INFO interface eth0 up
05:08:58.753 server04 INFO interface eth3 up
05:09:29.384 server04 INFO Link status: UP
05:10:08.873 server04 INFO interface eth1 up
05:10:18.800 server04 INFO SLA probe ok latency 12ms
05:10:21.446 server04 INFO heartbeat ok
05:10:22.625 server04 INFO CRCcheck OK
05:10:32.703 server04 INFO SNMP poll ok
05:11:10.436 server04 INFO config sync completed
05:11:40.891 server04 INFO CRCcheck OK
05:11:41.706 server04 INFO buffer utilization 76%
05:11:55.334 server04 ERROR CRC Error on eth2 count=15
05:11:57.125 server04 INFO linkdown_timer reset
05:12:21.101 server04 INFO BGP session established with peer 10.0.1.43
05:12:44.573 server04 INFO CRCcheck OK
05:13:10.085 server04 INFO SLA probe ok latency 15ms
05:13:44.308 server04 INFO SNMP poll ok
05:14:16.350 server04 INFO linkdown_timer reset
05:14:53.932 server04 INFO SLA probe ok latency 7ms
05:15:18.826 server04 INFO config sync completed
05:15:47.774 server04 INFO heartbeat ok
05:15:58.838 server04 ERROR Link Down on GigE0/2
    -> reason: carrier lost, autoneg failed
05:16:24.523 server04 INFO BGP session established with peer 10.0.1.162
05:17:02.130 server04 INFO buffer utilization 26%
05:17:32.441 server04 INFO buffer utilization 47%
05:18:09.085 server04 INFO BGP session established with peer 10.0.0.95
05:18:11.656 server04 INFO CRCcheck OK
05:18:25.399 server04 INFO SNMP poll ok
05:18:28.239 server04 INFO CRCcheck OK
05:18:49.999 server04 INFO SLA probe ok latency 33ms
05:19:04.867 server04 INFO SLA probe ok latency 28ms
05:19:18.071 server04 INFO heartbeat ok
05:19:57.378 server04 INFO temperature nominal 41C
05:20:13.349 server04 INFO CRCcheck OK
05:20:39.221 server04 INFO linkdown_timer reset
05:20:48.144 server04 INFO linkdown_timer reset
05:21:25.849 server04 ERROR Link down on eth2
05:21:34.897 server04 INFO SNMP poll ok
05:21:43.231 server04 INFO Link status: UP
05:22:18.907 server04 INFO heartbeat ok
05:22:48.948 server04 INFO temperature nominal 41C
05:23:18.994 server04 INFO linkdown_timer reset
05:23:27.501 server04 INFO CRCcheck OK
05:24:05.233 server04 INFO CRCcheck OK
05:24:16.172 server04 INFO config sync completed
05:24:38.179 server04 INFO temperature nominal 41C
05:24:49.775 server04 INFO heartbeat ok
05:25:21.789 server04 INFO packet forwarded to 10.0.2.7
05:25:36.520 server04 INFO power supply 2 nominal
05:26:03.962 server04 INFO config sync completed
05:26:19.162 server04 INFO temperature nominal 41C
05:26:35.021 server04 INFO heartbeat ok
05:26:58.988 server04 INFO SLA probe ok latency 15ms
05:27:25.674 server04 ERROR crc error detected on eth0
    -> frame check sequence mismatch, 674 bad frames
    -> last good frame at seq 9114
05:27:49.655 server04 INFO BGP session established with peer 10.0.2.33
05:28:15.378 server04 INFO interface up, no CRC error found
05:28:22.771 server04 INFO SNMP poll ok
05:28:35.517 server04 INFO SLA probe ok latency 17ms
05:28:52.410 server04 INFO config sync completed
05:28:54.497 server04 INFO packet forwarded to 10.0.2.140
05:29:18.275 server04 INFO linkdown_timer reset
05:29:53.842 server04 INFO BGP session established with peer 10.0.1.20
05:30:20.330 server04 INFO SLA probe ok latency 31ms
05:30:45.712 server04 ERROR link down on TenGigE0/0
05:30:51.355 server04 INFO buffer utilization 80%
05:30:57.439 server04 INFO SNMP poll ok
05:31:31.226 server04 INFO Link status: UP
05:31:34.116 server04 INFO buffer utilization 31%
05:31:41.577 server04 INFO BGP session established with peer 10.0.1.90
05:31:42.308 server04 INFO power supply 2 nominal
05:31:51.728 server04 INFO Link status: UP
05:32:25.230 server04 INFO heartbeat ok
05:32:36.785 server04 INFO config sync completed
05:33:12.663 server04 INFO linkdown_timer reset
05:33:28.501 server04 INFO heartbeat ok
05:33:44.171 server04 INFO config sync completed
05:34:14.350 server04 ERROR LINK DOWN on TenGigE0/0
    -> reason: carrier lost, autoneg failed
05:34:33.835 server04 INFO heartbeat ok
05:34:40.284 server04 INFO config sync completed
05:34:46.011 server04 INFO heartbeat ok
05:35:04.039 server04 INFO packet forwarded to 10.0.1.176
05:35:26.618 server04 INFO BGP session established with peer 10.0.1.5
05:35:32.848 server04 INFO BGP session established with peer 10.0.4.40
05:35:56.970 server04 INFO packet forwarded to 10.0.1.40
05:36:12.629 server04 INFO CRC error recovered
05:36:27.721 server04 INFO power supply 1 nominal
05:36:44.576 server04 INFO SNMP poll ok
05:36:52.074 server04 ERROR LINK DOWN on eth2
    -> reason: carrier lost, autoneg failed
05:37:19.640 server04 INFO linkdown_timer reset
05:37:25.313 server04 INFO power supply 1 nominal
05:37:29.978 server04 INFO heartbeat ok
05:37:50.795 server04 INFO Link status: UP
05:38:00.060 server04 INFO heartbeat ok
05:38:20.617 server04 INFO SNMP poll ok
05:38:42.594 server04 INFO CRCcheck OK
05:38:44.549 server04 INFO BGP session established with peer 10.0.0.157
05:39:10.700 server04 INFO BGP session established with peer 10.0.2.8
05:39:42.721 server04 INFO temperature nominal 41C
05:40:04.162 server04 INFO CRC error recovered
05:40:41.192 server04 INFO packet forwarded to 10.0.0.29
05:40:56.624 server04 ERROR LINK DOWN on eth0
    -> reason: carrier lost, autoneg failed
05:41:19.923 server04 INFO config sync completed
05:41:33.977 server04 INFO BGP session established with peer 10.0.0.183
05:41:54.123 server04 INFO interface eth2 up
05:42:02.686 server04 INFO config sync completed
05:42:08.085 server04 INFO heartbeat ok
05:42:48.173 server04 INFO CRCcheck OK
05:42:59.554 server04 INFO linkdown_timer reset
05:43:14.629 server04 INFO linkdown_timer reset
05:43:17.320 server04 INFO packet forwarded to 10.0.4.54
05:43:54.386 server04 INFO SNMP poll ok
05:44:19.334 server04 INFO linkdown_timer reset
05:44:29.297 server04 INFO BGP session established with peer 10.0.3.250
05:44:30.259 server04 INFO interface up, no CRC error found
05:44:48.344 server04 ERROR LINK Down on eth3
05:44:58.883 server04 INFO temperature nominal 41C
05:45:34.416 server04 INFO interface up, no CRC error found
05:46:12.018 server04 INFO SLA probe ok latency 12ms
05:46:16.309 server04 INFO config sync completed
05:46:25.298 server04 INFO BGP session established with peer 10.0.0.214
05:46:45.358 server04 INFO interface eth2 up
05:47:07.860 server04 INFO SNMP poll ok
05:47:24.273 server04 INFO heartbeat ok
05:47:56.558 server04 INFO heartbeat ok
05:48:18.905 server04 INFO power supply 1 nominal
05:48:49.172 server04 INFO CRCcheck OK
05:49:07.383 server04 INFO config sync completed
05:49:31.078 server04 INFO CRCcheck OK
05:50:01.537 server04 INFO Link status: UP
05:50:21.138 server04 ERROR LINK Down on TenGigE0/0
    -> reason: carrier lost, autoneg failed
    -> downtime 105s before recovery
05:50:52.258 server04 INFO temperature nominal 41C
05:51:03.794 server04 INFO linkdown_timer reset
05:51:37.948 server04 INFO buffer utilization 43%
05:52:04.587 server04 INFO CRCcheck OK
05:52:33.568 server04 INFO packet forwarded to 10.0.1.47
05:52:38.014 server04 INFO buffer utilization 55%
05:52:53.677 server04 INFO SNMP poll ok
05:53:23.086 server04 INFO power supply 1 nominal
05:53:28.577 server04 INFO interface eth0 up
05:54:04.129 server04 INFO temperature nominal 41C
05:54:11.511 server04 INFO BGP session established with peer 10.0.2.144
05:54:19.634 server04 INFO CRCcheck OK
05:54:48.205 server04 ERROR Link down on eth0
    -> reason: carrier lost, autoneg failed
    -> downtime 119s before recovery
05:54:51.024 server04 INFO buffer utilization 34%
05:54:52.988 server04 INFO SLA probe ok latency 29ms
05:55:29.301 server04 INFO linkdown_timer reset
05:55:40.393 server04 INFO linkdown_timer reset
05:55:45.005 server04 INFO interface eth2 up
05:55:55.960 server04 INFO BGP session established with peer 10.0.4.77
05:56:02.135 server04 INFO BGP session established with peer 10.0.4.32
05:56:30.036 server04 INFO SLA probe ok latency 12ms
05:57:03.658 server04 INFO interface eth2 up
05:57:18.731 server04 INFO heartbeat ok
05:57:43.327 server04 INFO config sync completed
05:57:46.821 server04 INFO power supply 2 nominal
05:58:17.919 server04 ERROR CRC Error on eth3 count=19
05:58:49.945 server04 INFO interface eth0 up
05:59:29.831 server04 INFO buffer utilization 55%
06:00:04.193 server04 INFO BGP session established with peer 10.0.0.140
06:00:29.066 server04 INFO Link status: UP
06:00:55.139 server04 INFO buffer utilization 73%
06:01:35.040 server04 INFO heartbeat ok
06:02:06.670 server04 INFO SLA probe ok latency 12ms
06:02:35.534 server04 INFO BGP session established with peer 10.0.1.230
06:02:45.558 server04 INFO SLA probe ok latency 14ms
06:03:16.026 server04 INFO power supply 1 nominal
06:03:49.062 server04 ERROR CRC ERROR on eth3 count=49
06:04:05.686 server04 INFO packet forwarded to 10.0.3.4
06:04:21.453 server04 INFO Link status: UP
06:04:36.025 server04 INFO power supply 2 nominal
06:04:40.381 server04 INFO power supply 1 nominal
06:05:01.568 server04 INFO CRCcheck OK
06:05:35.032 server04 INFO CRCcheck OK
06:06:02.445 server04 INFO CRCcheck OK
06:06:10.598 server04 INFO CRC error recovered
06:06:13.503 server04 INFO BGP session established with peer 10.0.0.4
06:06:50.935 server04 INFO temperature nominal 41C
06:06:55.534 server04 INFO SLA probe ok latency 3ms
06:07:10.741 server04 INFO SLA probe ok latency 3ms
06:07:14.991 server04 ERROR CRC Error on eth3 count=5
06:07:32.165 server04 INFO buffer utilization 71%
06:08:05.055 server04 INFO buffer utilization 26%
06:08:30.735 server04 INFO Link status: UP
06:08:57.682 server04 INFO buffer utilization 75%
06:08:58.374 server04 INFO packet forwarded to 10.0.1.226
06:09:27.345 server04 INFO CRCcheck OK
06:09:29.352 server04 INFO Link status: UP
06:10:00.826 server04 INFO power supply 1 nominal
06:10:13.856 server04 INFO Link status: UP
06:10:32.415 server04 INFO interface eth0 up
06:10:49.900 server04 INFO SNMP poll ok
06:11:05.493 server04 ERROR Link Down on eth3
    -> reason: carrier lost, autoneg failed
06:11:25.650 server04 INFO temperature nominal 41C
06:11:56.894 server04 INFO packet forwarded to 10.0.1.106
06:12:27.298 server04 INFO config sync completed
06:12:39.777 server04 INFO Link status: UP
06:13:04.863 server04 INFO buffer utilization 65%
06:13:06.842 server04 INFO Link status: UP
06:13:18.498 server04 INFO interface eth1 up
06:13:43.494 server04 INFO SLA probe ok latency 16ms
06:14:16.902 server04 INFO === log end (server04) ===
