Jul 06 01:59:04 server02 INFO === log start (server02) ===
Jul 06 01:59:22 server02 INFO CRCcheck OK
Jul 06 01:59:35 server02 INFO Link status: UP
Jul 06 02:00:12 server02 INFO CRCcheck OK
Jul 06 02:00:38 server02 INFO CRC error recovered
Jul 06 02:00:41 server02 INFO temperature nominal 41C
Jul 06 02:01:07 server02 INFO config sync completed
Jul 06 02:01:34 server02 INFO config sync completed
Jul 06 02:02:04 server02 INFO CRC error recovered
Jul 06 02:02:23 server02 INFO heartbeat ok
Jul 06 02:03:00 server02 INFO interface eth3 up
Jul 06 02:03:20 server02 INFO power supply 2 nominal
Jul 06 02:03:23 server02 INFO SLA probe ok latency 9ms
Jul 06 02:03:52 server02 INFO CRCcheck OK
Jul 06 02:04:23 server02 INFO power supply 2 nominal
Jul 06 02:04:35 server02 ERROR Link Down on TenGigE0/0
    -> reason: carrier lost, autoneg failed
Jul 06 02:04:51 server02 INFO interface eth2 up
Jul 06 02:05:11 server02 INFO buffer utilization 76%
Jul 06 02:05:27 server02 INFO packet forwarded to 10.0.2.196
Jul 06 02:05:43 server02 INFO heartbeat ok
Jul 06 02:06:21 server02 INFO BGP session established with peer 10.0.0.247
Jul 06 02:06:53 server02 INFO Link status: UP
Jul 06 02:07:02 server02 INFO buffer utilization 22%
Jul 06 02:07:22 server02 INFO heartbeat ok
Jul 06 02:07:40 server02 INFO buffer utilization 41%
Jul 06 02:08:16 server02 ERROR Link Down on eth2
    -> reason: carrier lost, autoneg failed
Jul 06 02:08:18 server02 INFO interface eth0 up
Jul 06 02:08:38 server02 INFO temperature nominal 41C
Jul 06 02:08:51 server02 INFO interface eth0 up
Jul 06 02:09:16 server02 INFO linkdown_timer reset
Jul 06 02:09:43 server02 INFO linkdown_timer reset
Jul 06 02:10:01 server02 INFO temperature nominal 41C
Jul 06 02:10:36 server02 INFO interface eth3 up
Jul 06 02:10:38 server02 INFO temperature nominal 41C
Jul 06 02:10:43 server02 INFO CRCcheck OK
Jul 06 02:10:55 server02 ERROR LINK Down on eth2
Jul 06 02:10:57 server02 INFO packet forwarded to 10.0.4.80
Jul 06 02:10:58 server02 INFO linkdown_timer reset
Jul 06 02:11:13 server02 INFO interface eth2 up
Jul 06 02:11:53 server02 INFO BGP session established with peer 10.0.4.22
Jul 06 02:12:10 server02 INFO linkdown_timer reset
Jul 06 02:12:12 server02 INFO buffer utilization 24%
Jul 06 02:12:38 server02 INFO Link status: UP
Jul 06 02:12:40 server02 INFO Link status: UP
Jul 06 02:13:16 server02 INFO interface eth3 up
Jul 06 02:13:35 server02 INFO CRCcheck OK
Jul 06 02:13:37 server02 INFO power supply 1 nominal
Jul 06 02:14:03 server02 INFO heartbeat ok
Jul 06 02:14:33 server02 INFO BGP session established with peer 10.0.3.121
Jul 06 02:14:58 server02 INFO Link status: UP
Jul 06 02:15:34 server02 INFO CRCcheck OK
Jul 06 02:16:06 server02 ERROR CRC Error detected on GigE0/1
    -> frame check sequence mismatch, 719 bad frames
    -> last good frame at seq 1409
Jul 06 02:16:27 server02 INFO buffer utilization 78%
Jul 06 02:16:44 server02 INFO BGP session established with peer 10.0.2.224
Jul 06 02:17:03 server02 INFO heartbeat ok
Jul 06 02:17:36 server02 INFO SNMP poll ok
Jul 06 02:17:47 server02 INFO Link status: UP
Jul 06 02:17:56 server02 INFO Link status: UP
Jul 06 02:18:35 server02 INFO temperature nominal 41C
Jul 06 02:18:48 server02 INFO SLA probe ok latency 5ms
Jul 06 02:18:55 server02 INFO packet forwarded to 10.0.2.247
Jul 06 02:19:17 server02 INFO CRCcheck OK
Jul 06 02:19:50 server02 INFO Link status: UP
Jul 06 02:20:05 server02 INFO SNMP poll ok
Jul 06 02:20:16 server02 ERROR CRC ERROR on GigE0/2 count=15
Jul 06 02:20:20 server02 INFO CRC error recovered
Jul 06 02:20:26 server02 INFO SNMP poll ok
Jul 06 02:20:48 server02 INFO SNMP poll ok
Jul 06 02:20:49 server02 INFO interface up, no CRC error found
Jul 06 02:21:08 server02 INFO power supply 1 nominal
Jul 06 02:21:39 server02 INFO buffer utilization 75%
Jul 06 02:21:47 server02 INFO interface eth3 up
Jul 06 02:22:08 server02 INFO config sync completed
Jul 06 02:22:15 server02 INFO SLA probe ok latency 7ms
Jul 06 02:22:50 server02 ERROR CRC error on eth1 count=11
Jul 06 02:23:24 server02 INFO config sync completed
Jul 06 02:23:37 server02 INFO CRCcheck OK
Jul 06 02:23:56 server02 INFO linkdown_timer reset
Jul 06 02:24:07 server02 INFO SNMP poll ok
Jul 06 02:24:34 server02 INFO Link status: UP
Jul 06 02:25:14 server02 INFO linkdown_timer reset
Jul 06 02:25:52 server02 INFO config sync completed
Jul 06 02:26:17 server02 INFO CRCcheck OK
Jul 06 02:26:54 server02 INFO config sync completed
Jul 06 02:27:24 server02 INFO SNMP poll ok
Jul 06 02:28:00 server02 INFO Link status: UP
Jul 06 02:28:19 server02 ERROR CRC error on eth1 count=29
Jul 06 02:28:22 server02 INFO interface eth3 up
Jul 06 02:28:31 server02 INFO Link status: UP
Jul 06 02:29:09 server02 INFO temperature nominal 41C
Jul 06 02:29:29 server02 INFO heartbeat ok
Jul 06 02:29:43 server02 INFO config sync completed
Jul 06 02:30:23 server02 INFO SLA probe ok latency 8ms
Jul 06 02:30:58 server02 INFO buffer utilization 50%
Jul 06 02:31:06 server02 INFO packet forwarded to 10.0.3.244
Jul 06 02:31:22 server02 INFO SNMP poll ok
Jul 06 02:31:38 server02 ERROR LINK Down on eth0
Jul 06 02:32:07 server02 INFO Link status: UP
Jul 06 02:32:45 server02 INFO power supply 1 nominal
Jul 06 02:32:51 server02 INFO buffer utilization 30%
Jul 06 02:33:23 server02 INFO SNMP poll ok
Jul 06 02:33:49 server02 INFO heartbeat ok
Jul 06 02:34:18 server02 INFO Link status: UP
Jul 06 02:34:40 server02 INFO interface up, no CRC error found
Jul 06 02:34:59 server02 INFO temperature nominal 41C
Jul 06 02:35:04 server02 INFO Link status: UP
Jul 06 02:35:08 server02 INFO SLA probe ok latency 4ms
Jul 06 02:35:34 server02 INFO CRCcheck OK
Jul 06 02:35:38 server02 ERROR CRC error on GigE0/2 count=40
Jul 06 02:35:49 server02 INFO linkdown_timer reset
Jul 06 02:36:20 server02 INFO SLA probe ok latency 26ms
Jul 06 02:36:32 server02 INFO temperature nominal 41C
Jul 06 02:36:49 server02 INFO interface eth1 up
Jul 06 02:37:28 server02 INFO CRCcheck OK
Jul 06 02:37:46 server02 INFO SLA probe ok latency 24ms
Jul 06 02:37:48 server02 INFO heartbeat ok
Jul 06 02:38:10 server02 INFO buffer utilization 69%
Jul 06 02:38:16 server02 INFO linkdown_timer reset
Jul 06 02:38:46 server02 INFO SLA probe ok latency 18ms
Jul 06 02:38:48 server02 INFO BGP session established with peer 10.0.2.210
Jul 06 02:39:15 server02 INFO SNMP poll ok
Jul 06 02:39:25 server02 INFO Link status: UP
Jul 06 02:39:51 server02 INFO BGP session established with peer 10.0.0.11
Jul 06 02:39:53 server02 INFO buffer utilization 50%
Jul 06 02:40:30 server02 ERROR LINK DOWN on eth0
Jul 06 02:41:08 server02 INFO SNMP poll ok
Jul 06 02:41:25 server02 INFO CRCcheck OK
Jul 06 02:41:40 server02 INFO linkdown_timer reset
Jul 06 02:41:43 server02 INFO linkdown_timer reset
Jul 06 02:41:47 server02 INFO heartbeat ok
Jul 06 02:42:25 server02 INFO BGP session established with peer 10.0.0.185
Jul 06 02:42:40 server02 INFO interface eth0 up
Jul 06 02:43:17 server02 INFO interface eth2 up
Jul 06 02:43:53 server02 ERROR CRC error detected on eth3
    -> frame check sequence mismatch, 636 bad frames
    -> last good frame at seq 7318
Jul 06 02:44:17 server02 INFO temperature nominal 41C
Jul 06 02:44:26 server02 INFO heartbeat ok
Jul 06 02:45:05 server02 INFO config sync completed
Jul 06 02:45:38 server02 INFO linkdown_timer reset
Jul 06 02:45:58 server02 INFO SNMP poll ok
Jul 06 02:46:04 server02 INFO BGP session established with peer 10.0.0.1
Jul 06 02:46:06 server02 INFO config sync completed
Jul 06 02:46:26 server02 INFO config sync completed
Jul 06 02:46:45 server02 INFO CRCcheck OK
Jul 06 02:47:01 server02 INFO power supply 2 nominal
Jul 06 02:47:10 server02 INFO interface eth1 up
Jul 06 02:47:47 server02 INFO BGP session established with peer 10.0.3.3
Jul 06 02:47:48 server02 ERROR Link down on eth3
Jul 06 02:47:57 server02 INFO config sync completed
Jul 06 02:48:37 server02 INFO CRCcheck OK
Jul 06 02:48:40 server02 INFO temperature nominal 41C
Jul 06 02:48:59 server02 INFO BGP session established with peer 10.0.0.176
Jul 06 02:49:05 server02 INFO heartbeat ok
Jul 06 02:49:14 server02 INFO packet forwarded to 10.0.1.108
Jul 06 02:49:37 server02 INFO config sync completed
Jul 06 02:49:48 server02 INFO interface up, no CRC error found
Jul 06 02:50:20 server02 INFO SNMP poll ok
Jul 06 02:50:25 server02 INFO power supply 1 nominal
Jul 06 02:50:51 server02 INFO CRCcheck OK
Jul 06 02:51:26 server02 INFO heartbeat ok
Jul 06 02:51:45 server02 INFO Link status: UP
Jul 06 02:52:00 server02 ERROR Link Down on eth0
Jul 06 02:52:11 server02 INFO BGP session established with peer 10.0.0.141
Jul 06 02:52:39 server02 INFO buffer utilization 27%
Jul 06 02:53:02 server02 INFO heartbeat ok
Jul 06 02:53:04 server02 INFO linkdown_timer reset
Jul 06 02:53:30 server02 INFO CRCcheck OK
Jul 06 02:53:51 server02 INFO interface eth2 up
Jul 06 02:54:04 server02 INFO heartbeat ok
Jul 06 02:54:39 server02 INFO interface up, no CRC error found
Jul 06 02:55:13 server02 INFO interface eth0 up
Jul 06 02:55:48 server02 INFO power supply 2 nominal
Jul 06 02:56:12 server02 INFO packet forwarded to 10.0.2.17
Jul 06 02:56:27 server02 INFO CRC error recovered
Jul 06 02:56:31 server02 INFO SNMP poll ok
Jul 06 02:56:38 server02 INFO interface eth0 up
Jul 06 02:56:56 server02 INFO temperature nominal 41C
Jul 06 02:57:06 server02 INFO buffer utilization 50%
Jul 06 02:57:40 server02 INFO BGP session established with peer 10.0.3.13
Jul 06 02:58:01 server02 ERROR CRC ERROR on TenGigE0/0 count=31
Jul 06 02:58:13 server02 INFO temperature nominal 41C
Jul 06 02:58:51 server02 INFO heartbeat ok
Jul 06 02:59:02 server02 INFO Link status: UP
Jul 06 02:59:15 server02 INFO SNMP poll ok
Jul 06 02:59:36 server02 INFO temperature nominal 41C
Jul 06 02:59:59 server02 INFO config sync completed
Jul 06 03:00:22 server02 INFO BGP session established with peer 10.0.4.179
Jul 06 03:00:50 server02 INFO Link status: UP
Jul 06 03:00:52 server02 INFO heartbeat ok
Jul 06 03:01:22 server02 INFO SLA probe ok latency 31ms
Jul 06 03:01:46 server02 INFO SNMP poll ok
Jul 06 03:02:21 server02 INFO BGP session established with peer 10.0.4.204
Jul 06 03:02:40 server02 INFO buffer utilization 34%
Jul 06 03:02:48 server02 ERROR crc error on GigE0/2 count=26
Jul 06 03:03:25 server02 INFO SNMP poll ok
Jul 06 03:04:04 server02 INFO temperature nominal 41C
Jul 06 03:04:18 server02 INFO interface up, no CRC error found
Jul 06 03:04:54 server02 INFO temperature nominal 41C
Jul 06 03:05:26 server02 INFO interface eth2 up
Jul 06 03:05:38 server02 INFO power supply 1 nominal
Jul 06 03:06:06 server02 INFO buffer utilization 72%
Jul 06 03:06:28 server02 INFO buffer utilization 31%
Jul 06 03:06:41 server02 INFO heartbeat ok
Jul 06 03:06:45 server02 INFO heartbeat ok
Jul 06 03:07:17 server02 INFO SNMP poll ok
Jul 06 03:07:29 server02 INFO CRCcheck OK
Jul 06 03:08:07 server02 INFO temperature nominal 41C
Jul 06 03:08:11 server02 INFO Link status: UP
Jul 06 03:08:40 server02 ERROR LINK DOWN on eth1
Jul 06 03:08:48 server02 INFO SLA probe ok latency 16ms
Jul 06 03:08:59 server02 INFO interface eth2 up
Jul 06 03:09:21 server02 INFO SLA probe ok latency 39ms
Jul 06 03:09:37 server02 INFO SLA probe ok latency 7ms
Jul 06 03:09:50 server02 INFO CRCcheck OK
Jul 06 03:10:26 server02 INFO SNMP poll ok
Jul 06 03:10:49 server02 INFO SLA probe ok latency 11ms
Jul 06 03:11:23 server02 INFO SLA probe ok latency 15ms
Jul 06 03:12:00 server02 INFO CRCcheck OK
Jul 06 03:12:08 server02 ERROR CRC Error on GigE0/2 count=19
Jul 06 03:12:13 server02 INFO power supply 1 nominal
Jul 06 03:12:21 server02 INFO SLA probe ok latency 8ms
Jul 06 03:12:27 server02 INFO config sync completed
Jul 06 03:12:37 server02 INFO packet forwarded to 10.0.4.25
Jul 06 03:12:49 server02 INFO power supply 1 nominal
Jul 06 03:12:52 server02 INFO power supply 2 nominal
Jul 06 03:13:10 server02 INFO linkdown_timer reset
Jul 06 03:13:30 server02 INFO SNMP poll ok
Jul 06 03:13:38 server02 ERROR Link Down on eth2
    -> reason: carrier lost, autoneg failed
Jul 06 03:14:08 server02 INFO Link status: UP
Jul 06 03:14:38 server02 INFO packet forwarded to 10.0.3.113
Jul 06 03:15:00 server02 INFO CRCcheck OK
Jul 06 03:15:18 server02 INFO config sync completed
Jul 06 03:15:20 server02 INFO temperature nominal 41C
Jul 06 03:15:33 server02 INFO Link status: UP
Jul 06 03:16:12 server02 INFO SNMP poll ok
Jul 06 03:16:16 server02 INFO CRCcheck OK
Jul 06 03:16:24 server02 INFO interface eth3 up
Jul 06 03:17:04 server02 INFO SNMP poll ok
Jul 06 03:17:30 server02 INFO linkdown_timer reset
Jul 06 03:17:53 server02 INFO BGP session established with peer 10.0.4.200
Jul 06 03:18:20 server02 INFO power supply 1 nominal
Jul 06 03:18:26 server02 INFO CRCcheck OK
Jul 06 03:18:48 server02 INFO Link status: UP
Jul 06 03:19:25 server02 INFO SLA probe ok latency 38ms
Jul 06 03:19:57 server02 INFO config sync completed
Jul 06 03:20:23 server02 ERROR crc error on TenGigE0/0 count=44
Jul 06 03:20:30 server02 INFO SNMP poll ok
Jul 06 03:21:07 server02 INFO temperature nominal 41C
Jul 06 03:21:11 server02 INFO SNMP poll ok
Jul 06 03:21:46 server02 INFO power supply 2 nominal
Jul 06 03:22:01 server02 INFO BGP session established with peer 10.0.3.136
Jul 06 03:22:02 server02 INFO CRCcheck OK
Jul 06 03:22:24 server02 INFO heartbeat ok
Jul 06 03:22:35 server02 INFO Link status: UP
Jul 06 03:23:11 server02 INFO temperature nominal 41C
Jul 06 03:23:36 server02 INFO buffer utilization 61%
Jul 06 03:23:59 server02 INFO interface eth2 up
Jul 06 03:24:23 server02 INFO buffer utilization 35%
Jul 06 03:24:28 server02 INFO SNMP poll ok
Jul 06 03:24:32 server02 INFO SLA probe ok latency 5ms
Jul 06 03:24:44 server02 INFO SLA probe ok latency 3ms
Jul 06 03:25:20 server02 INFO BGP session established with peer 10.0.4.188
Jul 06 03:25:33 server02 ERROR crc error detected on GigE0/1
    -> frame check sequence mismatch, 276 bad frames
Jul 06 03:26:00 server02 INFO linkdown_timer reset
Jul 06 03:26:38 server02 INFO SNMP poll ok
Jul 06 03:27:02 server02 INFO interface eth3 up
Jul 06 03:27:24 server02 INFO packet forwarded to 10.0.3.61
Jul 06 03:27:34 server02 INFO linkdown_timer reset
Jul 06 03:27:46 server02 INFO Link status: UP
Jul 06 03:28:06 server02 INFO config sync completed
Jul 06 03:28:19 server02 INFO buffer utilization 59%
Jul 06 03:28:33 server02 INFO buffer utilization 79%
Jul 06 03:28:43 server02 INFO CRCcheck OK
Jul 06 03:29:18 server02 INFO temperature nominal 41C
Jul 06 03:29:45 server02 INFO buffer utilization 26%
Jul 06 03:30:23 server02 ERROR CRC ERROR detected on GigE0/2
    -> frame check sequence mismatch, 325 bad frames
Jul 06 03:30:30 server02 INFO interface eth0 up
Jul 06 03:30:51 server02 INFO temperature nominal 41C
Jul 06 03:31:06 server02 INFO buffer utilization 67%
Jul 06 03:31:33 server02 INFO buffer utilization 80%
Jul 06 03:31:58 server02 INFO SLA probe ok latency 35ms
Jul 06 03:32:02 server02 INFO power supply 1 nominal
Jul 06 03:32:17 server02 INFO SNMP poll ok
Jul 06 03:32:21 server02 INFO temperature nominal 41C
Jul 06 03:32:38 server02 ERROR Link down on eth2
    -> reason: carrier lost, autoneg failed
Jul 06 03:33:06 server02 INFO SLA probe ok latency 10ms
Jul 06 03:33:25 server02 INFO SLA probe ok latency 31ms
Jul 06 03:33:30 server02 INFO interface eth2 up
Jul 06 03:33:54 server02 INFO heartbeat ok
Jul 06 03:34:24 server02 INFO Link status: UP
Jul 06 03:34:35 server02 INFO config sync completed
Jul 06 03:34:40 server02 INFO buffer utilization 11%
Jul 06 03:34:56 server02 INFO packet forwarded to 10.0.3.83
Jul 06 03:35:23 server02 INFO buffer utilization 21%
Jul 06 03:35:26 server02 INFO temperature nominal 41C
Jul 06 03:35:30 server02 ERROR CRC error on eth0 count=39
Jul 06 03:35:48 server02 INFO config sync completed
Jul 06 03:36:03 server02 INFO SNMP poll ok
Jul 06 03:36:22 server02 INFO linkdown_timer reset
Jul 06 03:36:57 server02 INFO SNMP poll ok
Jul 06 03:37:23 server02 INFO BGP session established with peer 10.0.2.25
Jul 06 03:38:00 server02 INFO power supply 2 nominal
Jul 06 03:38:10 server02 INFO SLA probe ok latency 5ms
Jul 06 03:38:26 server02 INFO interface eth0 up
Jul 06 03:38:57 server02 INFO heartbeat ok
Jul 06 03:39:37 server02 INFO BGP session established with peer 10.0.4.35
Jul 06 03:40:15 server02 INFO CRC error recovered
Jul 06 03:40:40 server02 INFO Link status: UP
Jul 06 03:41:16 server02 INFO temperature nominal 41C
Jul 06 03:41:38 server02 INFO heartbeat ok
Jul 06 03:42:03 server02 ERROR Link down on eth1
    -> reason: carrier lost, autoneg failed
    -> downtime 63s before recovery
Jul 06 03:42:20 server02 INFO power supply 1 nominal
Jul 06 03:42:36 server02 INFO interface eth0 up
Jul 06 03:42:40 server02 INFO SLA probe ok latency 40ms
Jul 06 03:43:14 server02 INFO BGP session established with peer 10.0.0.22
Jul 06 03:43:36 server02 INFO heartbeat ok
Jul 06 03:43:50 server02 INFO CRCcheck OK
Jul 06 03:44:13 server02 INFO heartbeat ok
Jul 06 03:44:38 server02 INFO packet forwarded to 10.0.0.37
Jul 06 03:44:44 server02 INFO Link status: UP
Jul 06 03:45:04 server02 ERROR Crc Error detected on eth2
    -> frame check sequence mismatch, 645 bad frames
Jul 06 03:45:11 server02 INFO heartbeat ok
Jul 06 03:45:48 server02 INFO temperature nominal 41C
Jul 06 03:45:49 server02 INFO linkdown_timer reset
Jul 06 03:46:07 server02 INFO BGP session established with peer 10.0.1.240
Jul 06 03:46:38 server02 INFO temperature nominal 41C
Jul 06 03:47:01 server02 INFO temperature nominal 41C
Jul 06 03:47:06 server02 INFO power supply 1 nominal
Jul 06 03:47:09 server02 INFO temperature nominal 41C
Jul 06 03:47:34 server02 INFO CRCcheck OK
Jul 06 03:48:02 server02 ERROR LINK DOWN on GigE0/1
Jul 06 03:48:07 server02 INFO power supply 2 nominal
Jul 06 03:48:23 server02 INFO temperature nominal 41C
Jul 06 03:48:25 server02 INFO CRC error recovered
Jul 06 03:48:29 server02 INFO heartbeat ok
Jul 06 03:49:04 server02 INFO BGP session established with peer 10.0.2.71
Jul 06 03:49:30 server02 INFO buffer utilization 47%
Jul 06 03:49:43 server02 INFO CRCcheck OK
Jul 06 03:50:10 server02 INFO heartbeat ok
Jul 06 03:50:40 server02 INFO Link status: UP
Jul 06 03:51:08 server02 INFO interface eth3 up
Jul 06 03:51:47 server02 INFO SNMP poll ok
Jul 06 03:51:56 server02 INFO CRCcheck OK
Jul 06 03:52:28 server02 INFO SNMP poll ok
Jul 06 03:52:50 server02 INFO temperature nominal 41C
Jul 06 03:52:52 server02 INFO linkdown_timer reset
Jul 06 03:53:08 server02 ERROR LINK DOWN on eth3
Jul 06 03:53:36 server02 INFO BGP session established with peer 10.0.2.175
Jul 06 03:53:53 server02 INFO config sync completed
Jul 06 03:53:58 server02 INFO linkdown_timer reset
Jul 06 03:54:22 server02 INFO packet forwarded to 10.0.1.134
Jul 06 03:54:51 server02 INFO config sync completed
Jul 06 03:55:08 server02 INFO temperature nominal 41C
Jul 06 03:55:22 server02 INFO temperature nominal 41C
Jul 06 03:55:37 server02 INFO CRCcheck OK
Jul 06 03:56:10 server02 INFO linkdown_timer reset
Jul 06 03:56:50 server02 ERROR Link Down on TenGigE0/0
Jul 06 03:57:01 server02 INFO linkdown_timer reset
Jul 06 03:57:14 server02 INFO SLA probe ok latency 9ms
Jul 06 03:57:52 server02 INFO CRCcheck OK
Jul 06 03:58:12 server02 INFO SNMP poll ok
Jul 06 03:58:30 server02 INFO buffer utilization 44%
Jul 06 03:58:38 server02 INFO interface eth0 up
Jul 06 03:58:43 server02 INFO heartbeat ok
Jul 06 03:59:02 server02 INFO power supply 1 nominal
Jul 06 03:59:13 server02 INFO power supply 1 nominal
Jul 06 03:59:29 server02 INFO packet forwarded to 10.0.3.11
Jul 06 04:00:04 server02 INFO CRCcheck OK
Jul 06 04:00:29 server02 INFO temperature nominal 41C
Jul 06 04:00:41 server02 INFO packet forwarded to 10.0.4.207
Jul 06 04:01:19 server02 INFO linkdown_timer reset
Jul 06 04:01:31 server02 INFO power supply 1 nominal
Jul 06 04:01:44 server02 INFO interface eth0 up
Jul 06 04:01:58 server02 ERROR CRC Error on eth3 count=5
Jul 06 04:02:30 server02 INFO temperature nominal 41C
Jul 06 04:03:01 server02 INFO buffer utilization 16%
Jul 06 04:03:09 server02 INFO buffer utilization 56%
Jul 06 04:03:31 server02 INFO temperature nominal 41C
Jul 06 04:03:32 server02 INFO SLA probe ok latency 35ms
Jul 06 04:04:12 server02 INFO SNMP poll ok
Jul 06 04:04:30 server02 INFO power supply 1 nominal
Jul 06 04:04:36 server02 INFO temperature nominal 41C
Jul 06 04:05:16 server02 INFO SNMP poll ok
Jul 06 04:05:25 server02 INFO linkdown_timer reset
Jul 06 04:05:29 server02 INFO CRC error recovered
Jul 06 04:05:59 server02 INFO config sync completed
Jul 06 04:06:12 server02 INFO heartbeat ok
Jul 06 04:06:13 server02 ERROR LINK Down on eth2
Jul 06 04:06:19 server02 INFO buffer utilization 17%
Jul 06 04:06:43 server02 INFO linkdown_timer reset
Jul 06 04:06:52 server02 INFO SLA probe ok latency 23ms
Jul 06 04:07:28 server02 INFO SNMP poll ok
Jul 06 04:07:38 server02 INFO Link status: UP
Jul 06 04:07:40 server02 INFO config sync completed
Jul 06 04:07:54 server02 INFO linkdown_timer reset
Jul 06 04:08:23 server02 INFO interface eth3 up
Jul 06 04:08:41 server02 INFO BGP session established with peer 10.0.3.43
Jul 06 04:08:46 server02 INFO interface eth3 up
Jul 06 04:08:50 server02 INFO interface eth3 up
Jul 06 04:09:03 server02 ERROR Crc Error detected on GigE0/1
    -> frame check sequence mismatch, 746 bad frames
Jul 06 04:09:32 server02 INFO BGP session established with peer 10.0.3.44
Jul 06 04:09:49 server02 INFO linkdown_timer reset
Jul 06 04:10:16 server02 INFO power supply 1 nominal
Jul 06 04:10:17 server02 INFO CRCcheck OK
Jul 06 04:10:43 server02 INFO interface eth2 up
Jul 06 04:11:23 server02 INFO power supply 1 nominal
Jul 06 04:11:54 server02 INFO Link status: UP
Jul 06 04:12:03 server02 INFO SNMP poll ok
Jul 06 04:12:10 server02 INFO interface eth1 up
Jul 06 04:12:48 server02 INFO Link status: UP
Jul 06 04:13:03 server02 INFO packet forwarded to 10.0.1.93
Jul 06 04:13:18 server02 ERROR Link Down on GigE0/1
Jul 06 04:13:51 server02 INFO SNMP poll ok
Jul 06 04:14:23 server02 INFO linkdown_timer reset
Jul 06 04:14:58 server02 INFO heartbeat ok
Jul 06 04:15:34 server02 INFO BGP session established with peer 10.0.2.209
Jul 06 04:15:47 server02 INFO power supply 2 nominal
Jul 06 04:16:03 server02 INFO config sync completed
Jul 06 04:16:40 server02 INFO linkdown_timer reset
Jul 06 04:16:50 server02 INFO power supply 2 nominal
Jul 06 04:17:05 server02 INFO packet forwarded to 10.0.2.129
Jul 06 04:17:13 server02 INFO buffer utilization 20%
Jul 06 04:17:26 server02 INFO buffer utilization 60%
Jul 06 04:17:43 server02 INFO SLA probe ok latency 18ms
Jul 06 04:18:04 server02 INFO buffer utilization 65%
Jul 06 04:18:05 server02 ERROR Link Down on TenGigE0/0
Jul 06 04:18:24 server02 INFO heartbeat ok
Jul 06 04:18:30 server02 INFO linkdown_timer reset
Jul 06 04:18:52 server02 INFO Link status: UP
Jul 06 04:19:23 server02 INFO config sync completed
Jul 06 04:19:55 server02 INFO linkdown_timer reset
Jul 06 04:20:01 server02 INFO CRCcheck OK
Jul 06 04:20:18 server02 INFO packet forwarded to 10.0.2.160
Jul 06 04:20:54 server02 INFO interface up, no CRC error found
Jul 06 04:21:07 server02 INFO interface eth2 up
Jul 06 04:21:23 server02 INFO power supply 1 nominal
Jul 06 04:21:52 server02 ERROR CRC error on GigE0/1 count=13
Jul 06 04:22:25 server02 INFO interface eth2 up
Jul 06 04:22:37 server02 INFO interface eth1 up
Jul 06 04:23:01 server02 INFO SLA probe ok latency 36ms
Jul 06 04:23:40 server02 INFO config sync completed
Jul 06 04:23:45 server02 INFO temperature nominal 41C
Jul 06 04:24:09 server02 INFO SNMP poll ok
Jul 06 04:24:36 server02 INFO power supply 2 nominal
Jul 06 04:25:08 server02 INFO power supply 1 nominal
Jul 06 04:25:34 server02 INFO SLA probe ok latency 3ms
Jul 06 04:26:00 server02 ERROR Link down on GigE0/2
Jul 06 04:26:16 server02 INFO Link status: UP
Jul 06 04:26:19 server02 INFO config sync completed
Jul 06 04:26:24 server02 INFO buffer utilization 30%
Jul 06 04:27:03 server02 INFO buffer utilization 59%
Jul 06 04:27:35 server02 INFO Link status: UP
Jul 06 04:27:58 server02 INFO Link status: UP
Jul 06 04:28:04 server02 INFO buffer utilization 46%
Jul 06 04:28:40 server02 INFO BGP session established with peer 10.0.1.8
Jul 06 04:29:13 server02 INFO BGP session established with peer 10.0.4.43
Jul 06 04:29:34 server02 INFO packet forwarded to 10.0.3.70
Jul 06 04:30:09 server02 INFO heartbeat ok
Jul 06 04:30:13 server02 INFO buffer utilization 37%
Jul 06 04:30:26 server02 INFO Link status: UP
Jul 06 04:30:28 server02 INFO linkdown_timer reset
Jul 06 04:30:39 server02 INFO CRC error recovered
Jul 06 04:30:47 server02 INFO heartbeat ok
Jul 06 04:31:02 server02 ERROR link down on TenGigE0/0
Jul 06 04:31:14 server02 INFO SLA probe ok latency 33ms
Jul 06 04:31:37 server02 INFO power supply 2 nominal
Jul 06 04:31:56 server02 INFO CRCcheck OK
Jul 06 04:32:17 server02 INFO packet forwarded to 10.0.4.227
Jul 06 04:32:45 server02 INFO heartbeat ok
Jul 06 04:33:22 server02 INFO === log end (server02) ===
